Build started 2016-09-18 12:39.29.
     1>Project "D:\GitHub\laserdocklib\VS2013\laserdocklib_VS2013\laserdocklib_VS2013.vcxproj" on node 2 (Build target(s)).
     1>ClCompile:
         C:\Program Files (x86)\Microsoft Visual Studio 12.0\VC\bin\CL.exe /c /ID:\GitHub\laserdocklib\VS2013\laserdocklib_VS2013\\libusb /Zi /nologo /W3 /WX- /sdl /O2 /Oi /Oy- /GL /D WIN32 /D NDEBUG /D _WINDOWS /D _USRDLL /D LASERDOCKLIB_VS2013_EXPORTS /D _WINDLL /D _UNICODE /D UNICODE /Gm- /EHsc /MT /GS /Gy /fp:precise /Zc:wchar_t /Zc:forScope /Fo"Release\\" /Fd"Release\vc120.pdb" /Gd /TP /analyze- /errorReport:prompt main.cpp
         main.cpp
     1>d:\github\laserdocklib\vs2013\laserdocklib_vs2013\libusb/libusb.h(738): warning C4200: nonstandard extension used : zero-sized array in struct/union
                 Cannot generate copy-ctor or copy-assignment operator when UDT contains a zero-sized array
     1>d:\github\laserdocklib\vs2013\laserdocklib_vs2013\libusb/libusb.h(769): warning C4200: nonstandard extension used : zero-sized array in struct/union
                 Cannot generate copy-ctor or copy-assignment operator when UDT contains a zero-sized array
     1>d:\github\laserdocklib\vs2013\laserdocklib_vs2013\libusb/libusb.h(1262): warning C4200: nonstandard extension used : zero-sized array in struct/union
                 Cannot generate copy-ctor or copy-assignment operator when UDT contains a zero-sized array
       Link:
         C:\Program Files (x86)\Microsoft Visual Studio 12.0\VC\bin\link.exe /ERRORREPORT:PROMPT /OUT:"D:\GitHub\laserdocklib\VS2013\laserdocklib_VS2013\Release\laserdocklib.dll" /INCREMENTAL:NO /NOLOGO "D:\GitHub\laserdocklib\VS2013\laserdocklib_VS2013\/libusb/libusb-1.0.lib" kernel32.lib user32.lib gdi32.lib winspool.lib comdlg32.lib advapi32.lib shell32.lib ole32.lib oleaut32.lib uuid.lib odbc32.lib odbccp32.lib /MANIFEST /MANIFESTUAC:"level='asInvoker' uiAccess='false'" /manifest:embed /DEBUG /PDB:"D:\GitHub\laserdocklib\VS2013\laserdocklib_VS2013\Release\laserdocklib.pdb" /SUBSYSTEM:WINDOWS /OPT:REF /OPT:ICF /LTCG /TLBID:1 /DYNAMICBASE /NXCOMPAT /IMPLIB:"D:\GitHub\laserdocklib\VS2013\laserdocklib_VS2013\Release\laserdocklib.lib" /MACHINE:X86 /SAFESEH /DLL Release\LaserdockDevice.obj
         Release\LaserdockDeviceManager.obj
         Release\main.obj
            Creating library D:\GitHub\laserdocklib\VS2013\laserdocklib_VS2013\Release\laserdocklib.lib and object D:\GitHub\laserdocklib\VS2013\laserdocklib_VS2013\Release\laserdocklib.exp
         Generating code
         Finished generating code
     1>libusb-1.0.lib(core.obj) : warning LNK4204: 'D:\GitHub\laserdocklib\VS2013\laserdocklib_VS2013\Release\vc120.pdb' is missing debugging information for referencing module; linking object as if no debug info
     1>libusb-1.0.lib(sync.obj) : warning LNK4204: 'D:\GitHub\laserdocklib\VS2013\laserdocklib_VS2013\Release\vc120.pdb' is missing debugging information for referencing module; linking object as if no debug info
     1>libusb-1.0.lib(descriptor.obj) : warning LNK4204: 'D:\GitHub\laserdocklib\VS2013\laserdocklib_VS2013\Release\vc120.pdb' is missing debugging information for referencing module; linking object as if no debug info
     1>libusb-1.0.lib(io.obj) : warning LNK4204: 'D:\GitHub\laserdocklib\VS2013\laserdocklib_VS2013\Release\vc120.pdb' is missing debugging information for referencing module; linking object as if no debug info
     1>libusb-1.0.lib(threads_windows.obj) : warning LNK4204: 'D:\GitHub\laserdocklib\VS2013\laserdocklib_VS2013\Release\vc120.pdb' is missing debugging information for referencing module; linking object as if no debug info
     1>libusb-1.0.lib(windows_usb.obj) : warning LNK4204: 'D:\GitHub\laserdocklib\VS2013\laserdocklib_VS2013\Release\vc120.pdb' is missing debugging information for referencing module; linking object as if no debug info
     1>libusb-1.0.lib(hotplug.obj) : warning LNK4204: 'D:\GitHub\laserdocklib\VS2013\laserdocklib_VS2013\Release\vc120.pdb' is missing debugging information for referencing module; linking object as if no debug info
     1>libusb-1.0.lib(poll_windows.obj) : warning LNK4204: 'D:\GitHub\laserdocklib\VS2013\laserdocklib_VS2013\Release\vc120.pdb' is missing debugging information for referencing module; linking object as if no debug info
         laserdocklib_VS2013.vcxproj -> D:\GitHub\laserdocklib\VS2013\laserdocklib_VS2013\Release\laserdocklib.dll
     1>Done Building Project "D:\GitHub\laserdocklib\VS2013\laserdocklib_VS2013\laserdocklib_VS2013.vcxproj" (Build target(s)).

Build succeeded.

Time Elapsed 00:00:01.75
